# JRE version: OpenJDK Runtime Environment Temurin-21.0.2+13 (21.0.2+13) (build 21.0.2+13-LTS)
# Java VM: OpenJDK 64-Bit Server VM Temurin-21.0.2+13 (21.0.2+13-LTS, mixed mode, emulated-client, tiered, compressed oops, compressed class ptrs, g1 gc, bsd-amd64)
GC Precious Log:
 CardTable entry size: 512
 Card Set container configuration: InlinePtr #cards 4 size 8 Array Of Cards #cards 16 size 48 Howl #buckets 8 coarsen threshold 3686 Howl Bitmap #cards 512 size 80 coarsen threshold 460 Card regions per heap region 1 cards per card region 4096
 CPUs: 12 total, 12 available
 Memory: 16384M
 Large Page Support: Disabled
 NUMA Support: Disabled
 Compressed Oops: Enabled (Zero based)
 Heap Region Size: 2M
 Heap Min Capacity: 8M
 Heap Initial Capacity: 256M
 Heap Max Capacity: 4G
 Pre-touch: Disabled
 Parallel Workers: 10
 Concurrent Workers: 3
 Concurrent Refinement Workers: 10
 Periodic GC: Disabled
Heap:
 garbage-first heap   total 96256K, used 83110K [0x0000000700000000, 0x0000000800000000)
  region size 2048K, 20 young (40960K), 1 survivors (2048K)
 Metaspace       used 89291K, committed 90176K, reserved 1179648K
  class space    used 11733K, committed 12096K, reserved 1048576K
GC Heap History (20 events):
Event: 14660.033 GC heap after
{Heap after GC invocations=99 (full 10):
 garbage-first heap   total 96256K, used 41881K [0x0000000700000000, 0x0000000800000000)
  region size 2048K, 1 young (2048K), 1 survivors (2048K)
 Metaspace       used 88693K, committed 89664K, reserved 1179648K
  class space    used 11651K, committed 12032K, reserved 1048576K
}
Event: 14879.350 GC heap before
{Heap before GC invocations=99 (full 10):
 garbage-first heap   total 96256K, used 84889K [0x0000000700000000, 0x0000000800000000)
  region size 2048K, 22 young (45056K), 1 survivors (2048K)
 Metaspace       used 88703K, committed 89664K, reserved 1179648K
  class space    used 11652K, committed 12032K, reserved 1048576K
}
Event: 14879.353 GC heap after
{Heap after GC invocations=100 (full 10):
 garbage-first heap   total 96256K, used 40150K [0x0000000700000000, 0x0000000800000000)
  region size 2048K, 1 young (2048K), 1 survivors (2048K)
 Metaspace       used 88703K, committed 89664K, reserved 1179648K
  class space    used 11652K, committed 12032K, reserved 1048576K
}
Event: 15109.638 GC heap before
{Heap before GC invocations=100 (full 10):
 garbage-first heap   total 96256K, used 85206K [0x0000000700000000, 0x0000000800000000)
  region size 2048K, 23 young (47104K), 1 survivors (2048K)
 Metaspace       used 88703K, committed 89664K, reserved 1179648K
  class space    used 11652K, committed 12032K, reserved 1048576K
}
Event: 15109.641 GC heap after
{Heap after GC invocations=101 (full 10):
 garbage-first heap   total 96256K, used 40129K [0x0000000700000000, 0x0000000800000000)
  region size 2048K, 1 young (2048K), 1 survivors (2048K)
 Metaspace       used 88703K, committed 89664K, reserved 1179648K
  class space    used 11652K, committed 12032K, reserved 1048576K
}
Event: 15340.785 GC heap before
{Heap before GC invocations=102 (full 10):
 garbage-first heap   total 96256K, used 85185K [0x0000000700000000, 0x0000000800000000)
  region size 2048K, 23 young (47104K), 1 survivors (2048K)
 Metaspace       used 88703K, committed 89664K, reserved 1179648K
  class space    used 11652K, committed 12032K, reserved 1048576K
}
Event: 15340.787 GC heap after
{Heap after GC invocations=103 (full 10):
 garbage-first heap   total 96256K, used 40127K [0x0000000700000000, 0x0000000800000000)
  region size 2048K, 1 young (2048K), 1 survivors (2048K)
 Metaspace       used 88703K, committed 89664K, reserved 1179648K
  class space    used 11652K, committed 12032K, reserved 1048576K
}
Event: 15574.422 GC heap before
{Heap before GC invocations=103 (full 10):
 garbage-first heap   total 96256K, used 85183K [0x0000000700000000, 0x0000000800000000)
  region size 2048K, 23 young (47104K), 1 survivors (2048K)
 Metaspace       used 88703K, committed 89664K, reserved 1179648K
  class space    used 11652K, committed 12032K, reserved 1048576K
}
Event: 15574.426 GC heap after
{Heap after GC invocations=104 (full 10):
 garbage-first heap   total 96256K, used 38976K [0x0000000700000000, 0x0000000800000000)
  region size 2048K, 1 young (2048K), 1 survivors (2048K)
 Metaspace       used 88703K, committed 89664K, reserved 1179648K
  class space    used 11652K, committed 12032K, reserved 1048576K
}
Event: 15814.873 GC heap before
{Heap before GC invocations=104 (full 10):
 garbage-first heap   total 96256K, used 86080K [0x0000000700000000, 0x0000000800000000)
  region size 2048K, 24 young (49152K), 1 survivors (2048K)
 Metaspace       used 88763K, committed 89664K, reserved 1179648K
  class space    used 11663K, committed 12032K, reserved 1048576K
}
Event: 15814.879 GC heap after
{Heap after GC invocations=105 (full 10):
 garbage-first heap   total 96256K, used 39098K [0x0000000700000000, 0x0000000800000000)
  region size 2048K, 1 young (2048K), 1 survivors (2048K)
 Metaspace       used 88763K, committed 89664K, reserved 1179648K
  class space    used 11663K, committed 12032K, reserved 1048576K
}
Event: 16054.759 GC heap before
{Heap before GC invocations=106 (full 10):
 garbage-first heap   total 96256K, used 86202K [0x0000000700000000, 0x0000000800000000)
  region size 2048K, 24 young (49152K), 1 survivors (2048K)
 Metaspace       used 88759K, committed 89664K, reserved 1179648K
  class space    used 11662K, committed 12032K, reserved 1048576K
}
Event: 16054.762 GC heap after
{Heap after GC invocations=107 (full 10):
 garbage-first heap   total 96256K, used 39065K [0x0000000700000000, 0x0000000800000000)
  region size 2048K, 1 young (2048K), 1 survivors (2048K)
 Metaspace       used 88759K, committed 89664K, reserved 1179648K
  class space    used 11662K, committed 12032K, reserved 1048576K
}
Event: 16294.599 GC heap before
{Heap before GC invocations=107 (full 10):
 garbage-first heap   total 96256K, used 86169K [0x0000000700000000, 0x0000000800000000)
  region size 2048K, 24 young (49152K), 1 survivors (2048K)
 Metaspace       used 88759K, committed 89664K, reserved 1179648K
  class space    used 11662K, committed 12032K, reserved 1048576K
}
Event: 16294.602 GC heap after
{Heap after GC invocations=108 (full 10):
 garbage-first heap   total 96256K, used 38418K [0x0000000700000000, 0x0000000800000000)
  region size 2048K, 1 young (2048K), 1 survivors (2048K)
 Metaspace       used 88759K, committed 89664K, reserved 1179648K
  class space    used 11662K, committed 12032K, reserved 1048576K
}
Event: 16414.466 GC heap before
{Heap before GC invocations=108 (full 10):
 garbage-first heap   total 96256K, used 83474K [0x0000000700000000, 0x0000000800000000)
  region size 2048K, 24 young (49152K), 1 survivors (2048K)
 Metaspace       used 88801K, committed 89664K, reserved 1179648K
  class space    used 11674K, committed 12032K, reserved 1048576K
}
Event: 16414.469 GC heap after
{Heap after GC invocations=109 (full 10):
 garbage-first heap   total 96256K, used 40658K [0x0000000700000000, 0x0000000800000000)
  region size 2048K, 2 young (4096K), 2 survivors (4096K)
 Metaspace       used 88801K, committed 89664K, reserved 1179648K
  class space    used 11674K, committed 12032K, reserved 1048576K
}
Event: 16414.906 GC heap before
{Heap before GC invocations=110 (full 10):
 garbage-first heap   total 96256K, used 81618K [0x0000000700000000, 0x0000000800000000)
  region size 2048K, 23 young (47104K), 2 survivors (4096K)
 Metaspace       used 89108K, committed 90048K, reserved 1179648K
  class space    used 11717K, committed 12096K, reserved 1048576K
}
Event: 16414.912 GC heap after
{Heap after GC invocations=111 (full 10):
 garbage-first heap   total 96256K, used 44198K [0x0000000700000000, 0x0000000800000000)
  region size 2048K, 3 young (6144K), 3 survivors (6144K)
 Metaspace       used 89108K, committed 90048K, reserved 1179648K
  class space    used 11717K, committed 12096K, reserved 1048576K
}
Event: 16540.006 GC heap before
{Heap before GC invocations=111 (full 10):
 garbage-first heap   total 96256K, used 83110K [0x0000000700000000, 0x0000000800000000)
  region size 2048K, 22 young (45056K), 3 survivors (6144K)
 Metaspace       used 89291K, committed 90176K, reserved 1179648K
  class space    used 11733K, committed 12096K, reserved 1048576K
}

